<?xml version="1.0" encoding="utf-8"?><testsuites><testsuite name="pytest" errors="0" failures="0" skipped="0" tests="9" time="2.945" timestamp="2024-03-07T18:33:21.540287" hostname="REDMI-PRO-YN"><testcase classname="testcase.Crm_Login.test_crm_login.TestCrmLogin" name="test_crm_login[baseinfo0-testdata0]" time="0.407" /><testcase classname="testcase.Crm_Login.test_crm_login.TestCrmLogin" name="test_crm_login[baseinfo1-testdata1]" time="0.412" /><testcase classname="testcase.Crm_Login.test_crm_login.TestCrmLogin" name="test_crm_login[baseinfo2-testdata2]" time="0.181" /><testcase classname="testcase.Smoking_Process.test_smoking_process.TestSmokingProcess" name="test_smoking_process[baseinfo0-testdata0]" time="0.190" /><testcase classname="testcase.Smoking_Process.test_smoking_process.TestSmokingProcess" name="test_smoking_process[baseinfo1-testdata1]" time="0.832" /><testcase classname="testcase.Smoking_Process.test_smoking_process.TestSmokingProcess" name="test_smoking_process[baseinfo2-testdata2]" time="0.132" /><testcase classname="testcase.Smoking_Process.test_smoking_process.TestSmokingProcess" name="test_smoking_process[baseinfo3-testdata3]" time="0.090" /><testcase classname="testcase.Upload_File.test_upload_file.TestUploadFile" name="test_upload_file[baseinfo0-testdata0]" time="0.162" /><testcase classname="testcase.Upload_File.test_upload_file.TestUploadFile" name="test_upload_file[baseinfo1-testdata1]" time="0.424" /></testsuite></testsuites>