<?xml version="1.0" encoding="utf-8"?><testsuites><testsuite name="pytest" errors="0" failures="0" skipped="0" tests="9" time="1.936" timestamp="2024-03-07T17:58:27.436220" hostname="REDMI-PRO-YN"><testcase classname="testcase.Crm_Login.test_crm_login.TestCrmLogin" name="test_crm_login[baseinfo0-testdata0]" time="0.268" /><testcase classname="testcase.Crm_Login.test_crm_login.TestCrmLogin" name="test_crm_login[baseinfo1-testdata1]" time="0.158" /><testcase classname="testcase.Crm_Login.test_crm_login.TestCrmLogin" name="test_crm_login[baseinfo2-testdata2]" time="0.032" /><testcase classname="testcase.Smoking_Process.test_smoking_process.TestSmokingProcess" name="test_smoking_process[baseinfo0-testdata0]" time="0.053" /><testcase classname="testcase.Smoking_Process.test_smoking_process.TestSmokingProcess" name="test_smoking_process[baseinfo1-testdata1]" time="0.640" /><testcase classname="testcase.Smoking_Process.test_smoking_process.TestSmokingProcess" name="test_smoking_process[baseinfo2-testdata2]" time="0.070" /><testcase classname="testcase.Smoking_Process.test_smoking_process.TestSmokingProcess" name="test_smoking_process[baseinfo3-testdata3]" time="0.064" /><testcase classname="testcase.Upload_File.test_upload_file.TestUploadFile" name="test_upload_file[baseinfo0-testdata0]" time="0.123" /><testcase classname="testcase.Upload_File.test_upload_file.TestUploadFile" name="test_upload_file[baseinfo1-testdata1]" time="0.420" /></testsuite></testsuites>